Determining if the pthread_create exist failed with the following output:
Change Dir: /home/yazdani/work/ros/indigo/catkin_ws/src/sar_mission/img_mission/CMakeFiles/CMakeTmp

Run Build Command:/usr/bin/make "cmTryCompileExec1703839305/fast"
/usr/bin/make -f CMakeFiles/cmTryCompileExec1703839305.dir/build.make CMakeFiles/cmTryCompileExec1703839305.dir/build
make[1]: Entering directory `/home/yazdani/work/ros/indigo/catkin_ws/src/sar_mission/img_mission/CMakeFiles/CMakeTmp'
/usr/bin/cmake -E cmake_progress_report /home/yazdani/work/ros/indigo/catkin_ws/src/sar_mission/img_mission/CMakeFiles/CMakeTmp/CMakeFiles 1
Building C object CMakeFiles/cmTryCompileExec1703839305.dir/CheckSymbolExists.c.o
/usr/bin/cc    -o CMakeFiles/cmTryCompileExec1703839305.dir/CheckSymbolExists.c.o   -c /home/yazdani/work/ros/indigo/catkin_ws/src/sar_mission/img_mission/CMakeFiles/CMakeTmp/CheckSymbolExists.c
Linking C executable cmTryCompileExec1703839305
/usr/bin/cmake -E cmake_link_script CMakeFiles/cmTryCompileExec1703839305.dir/link.txt --verbose=1
/usr/bin/cc       CMakeFiles/cmTryCompileExec1703839305.dir/CheckSymbolExists.c.o  -o cmTryCompileExec1703839305 -rdynamic 
CMakeFiles/cmTryCompileExec1703839305.dir/CheckSymbolExists.c.o: In function `main':
CheckSymbolExists.c:(.text+0x16): undefined reference to `pthread_create'
collect2: error: ld returned 1 exit status
make[1]: *** [cmTryCompileExec1703839305] Error 1
make[1]: Leaving directory `/home/yazdani/work/ros/indigo/catkin_ws/src/sar_mission/img_mission/CMakeFiles/CMakeTmp'
make: *** [cmTryCompileExec1703839305/fast] Error 2

File /home/yazdani/work/ros/indigo/catkin_ws/src/sar_mission/img_mission/CMakeFiles/CMakeTmp/CheckSymbolExists.c:
/* */
#include <pthread.h>

int main(int argc, char** argv)
{
  (void)argv;
#ifndef pthread_create
  return ((int*)(&pthread_create))[argc];
#else
  (void)argc;
  return 0;
#endif
}

Determining if the function pthread_create exists in the pthreads failed with the following output:
Change Dir: /home/yazdani/work/ros/indigo/catkin_ws/src/sar_mission/img_mission/CMakeFiles/CMakeTmp

Run Build Command:/usr/bin/make "cmTryCompileExec2881908051/fast"
/usr/bin/make -f CMakeFiles/cmTryCompileExec2881908051.dir/build.make CMakeFiles/cmTryCompileExec2881908051.dir/build
make[1]: Entering directory `/home/yazdani/work/ros/indigo/catkin_ws/src/sar_mission/img_mission/CMakeFiles/CMakeTmp'
/usr/bin/cmake -E cmake_progress_report /home/yazdani/work/ros/indigo/catkin_ws/src/sar_mission/img_mission/CMakeFiles/CMakeTmp/CMakeFiles 1
Building C object CMakeFiles/cmTryCompileExec2881908051.dir/CheckFunctionExists.c.o
/usr/bin/cc   -DCHECK_FUNCTION_EXISTS=pthread_create   -o CMakeFiles/cmTryCompileExec2881908051.dir/CheckFunctionExists.c.o   -c /usr/share/cmake-2.8/Modules/CheckFunctionExists.c
Linking C executable cmTryCompileExec2881908051
/usr/bin/cmake -E cmake_link_script CMakeFiles/cmTryCompileExec2881908051.dir/link.txt --verbose=1
/usr/bin/cc   -DCHECK_FUNCTION_EXISTS=pthread_create    CMakeFiles/cmTryCompileExec2881908051.dir/CheckFunctionExists.c.o  -o cmTryCompileExec2881908051 -rdynamic -lpthreads 
/usr/bin/ld: cannot find -lpthreads
collect2: error: ld returned 1 exit status
make[1]: *** [cmTryCompileExec2881908051] Error 1
make[1]: Leaving directory `/home/yazdani/work/ros/indigo/catkin_ws/src/sar_mission/img_mission/CMakeFiles/CMakeTmp'
make: *** [cmTryCompileExec2881908051/fast] Error 2


